# JRE version: Java(TM) SE Runtime Environment (8.0_221-b11) (build 1.8.0_221-b11)
# Java VM: Java HotSpot(TM) 64-Bit Server VM (25.221-b11 mixed mode windows-amd64 compressed oops)
Heap:
 PSYoungGen      total 227328K, used 45983K [0x00000000eb380000, 0x00000000fa700000, 0x0000000100000000)
  eden space 218624K, 21% used [0x00000000eb380000,0x00000000ee067c18,0x00000000f8900000)
  from space 8704K, 0% used [0x00000000f9e80000,0x00000000f9e80000,0x00000000fa700000)
  to   space 14848K, 0% used [0x00000000f8a00000,0x00000000f8a00000,0x00000000f9880000)
 ParOldGen       total 67584K, used 24562K [0x00000000c1a00000, 0x00000000c5c00000, 0x00000000eb380000)
  object space 67584K, 36% used [0x00000000c1a00000,0x00000000c31fca20,0x00000000c5c00000)
 Metaspace       used 56237K, capacity 59252K, committed 59392K, reserved 1099776K
  class space    used 7905K, capacity 8423K, committed 8448K, reserved 1048576K
GC Heap History (10 events):
Event: 9.518 GC heap before
{Heap before GC invocations=11 (full 1):
 PSYoungGen      total 136704K, used 18805K [0x00000000eb380000, 0x00000000f6a80000, 0x0000000100000000)
  eden space 129024K, 8% used [0x00000000eb380000,0x00000000ebe5dd60,0x00000000f3180000)
  from space 7680K, 99% used [0x00000000f3180000,0x00000000f38ff7e0,0x00000000f3900000)
  to   space 10752K, 0% used [0x00000000f6000000,0x00000000f6000000,0x00000000f6a80000)
 ParOldGen       total 29184K, used 10950K [0x00000000c1a00000, 0x00000000c3680000, 0x00000000eb380000)
  object space 29184K, 37% used [0x00000000c1a00000,0x00000000c24b1998,0x00000000c3680000)
 Metaspace       used 33653K, capacity 35378K, committed 35496K, reserved 1079296K
  class space    used 4738K, capacity 5090K, committed 5120K, reserved 1048576K
Event: 9.538 GC heap after
Heap after GC invocations=11 (full 1):
 PSYoungGen      total 177152K, used 5345K [0x00000000eb380000, 0x00000000f7e00000, 0x0000000100000000)
  eden space 166400K, 0% used [0x00000000eb380000,0x00000000eb380000,0x00000000f5600000)
  from space 10752K, 49% used [0x00000000f6000000,0x00000000f65384a0,0x00000000f6a80000)
  to   space 10240K, 0% used [0x00000000f5600000,0x00000000f5600000,0x00000000f6000000)
 ParOldGen       total 29184K, used 13250K [0x00000000c1a00000, 0x00000000c3680000, 0x00000000eb380000)
  object space 29184K, 45% used [0x00000000c1a00000,0x00000000c26f09d8,0x00000000c3680000)
 Metaspace       used 33653K, capacity 35378K, committed 35496K, reserved 1079296K
  class space    used 4738K, capacity 5090K, committed 5120K, reserved 1048576K
}
Event: 9.538 GC heap before
{Heap before GC invocations=12 (full 2):
 PSYoungGen      total 177152K, used 5345K [0x00000000eb380000, 0x00000000f7e00000, 0x0000000100000000)
  eden space 166400K, 0% used [0x00000000eb380000,0x00000000eb380000,0x00000000f5600000)
  from space 10752K, 49% used [0x00000000f6000000,0x00000000f65384a0,0x00000000f6a80000)
  to   space 10240K, 0% used [0x00000000f5600000,0x00000000f5600000,0x00000000f6000000)
 ParOldGen       total 29184K, used 13250K [0x00000000c1a00000, 0x00000000c3680000, 0x00000000eb380000)
  object space 29184K, 45% used [0x00000000c1a00000,0x00000000c26f09d8,0x00000000c3680000)
 Metaspace       used 33653K, capacity 35378K, committed 35496K, reserved 1079296K
  class space    used 4738K, capacity 5090K, committed 5120K, reserved 1048576K
Event: 9.699 GC heap after
Heap after GC invocations=12 (full 2):
 PSYoungGen      total 177152K, used 0K [0x00000000eb380000, 0x00000000f7e00000, 0x0000000100000000)
  eden space 166400K, 0% used [0x00000000eb380000,0x00000000eb380000,0x00000000f5600000)
  from space 10752K, 0% used [0x00000000f6000000,0x00000000f6000000,0x00000000f6a80000)
  to   space 10240K, 0% used [0x00000000f5600000,0x00000000f5600000,0x00000000f6000000)
 ParOldGen       total 44544K, used 12548K [0x00000000c1a00000, 0x00000000c4580000, 0x00000000eb380000)
  object space 44544K, 28% used [0x00000000c1a00000,0x00000000c2641280,0x00000000c4580000)
 Metaspace       used 33653K, capacity 35378K, committed 35496K, reserved 1079296K
  class space    used 4738K, capacity 5090K, committed 5120K, reserved 1048576K
}
Event: 17.627 GC heap before
{Heap before GC invocations=13 (full 2):
 PSYoungGen      total 177152K, used 166400K [0x00000000eb380000, 0x00000000f7e00000, 0x0000000100000000)
  eden space 166400K, 100% used [0x00000000eb380000,0x00000000f5600000,0x00000000f5600000)
  from space 10752K, 0% used [0x00000000f6000000,0x00000000f6000000,0x00000000f6a80000)
  to   space 10240K, 0% used [0x00000000f5600000,0x00000000f5600000,0x00000000f6000000)
 ParOldGen       total 44544K, used 12548K [0x00000000c1a00000, 0x00000000c4580000, 0x00000000eb380000)
  object space 44544K, 28% used [0x00000000c1a00000,0x00000000c2641280,0x00000000c4580000)
 Metaspace       used 49499K, capacity 51980K, committed 52352K, reserved 1093632K
  class space    used 7007K, capacity 7431K, committed 7552K, reserved 1048576K
Event: 17.663 GC heap after
Heap after GC invocations=13 (full 2):
 PSYoungGen      total 176640K, used 10238K [0x00000000eb380000, 0x00000000fad80000, 0x0000000100000000)
  eden space 166400K, 0% used [0x00000000eb380000,0x00000000eb380000,0x00000000f5600000)
  from space 10240K, 99% used [0x00000000f5600000,0x00000000f5fff900,0x00000000f6000000)
  to   space 15360K, 0% used [0x00000000f9e80000,0x00000000f9e80000,0x00000000fad80000)
 ParOldGen       total 44544K, used 22193K [0x00000000c1a00000, 0x00000000c4580000, 0x00000000eb380000)
  object space 44544K, 49% used [0x00000000c1a00000,0x00000000c2fac7c0,0x00000000c4580000)
 Metaspace       used 49499K, capacity 51980K, committed 52352K, reserved 1093632K
  class space    used 7007K, capacity 7431K, committed 7552K, reserved 1048576K
}
Event: 83.547 GC heap before
{Heap before GC invocations=14 (full 2):
 PSYoungGen      total 176640K, used 86010K [0x00000000eb380000, 0x00000000fad80000, 0x0000000100000000)
  eden space 166400K, 45% used [0x00000000eb380000,0x00000000efd7f148,0x00000000f5600000)
  from space 10240K, 99% used [0x00000000f5600000,0x00000000f5fff900,0x00000000f6000000)
  to   space 15360K, 0% used [0x00000000f9e80000,0x00000000f9e80000,0x00000000fad80000)
 ParOldGen       total 44544K, used 22193K [0x00000000c1a00000, 0x00000000c4580000, 0x00000000eb380000)
  object space 44544K, 49% used [0x00000000c1a00000,0x00000000c2fac7c0,0x00000000c4580000)
 Metaspace       used 56119K, capacity 59028K, committed 59136K, reserved 1099776K
  class space    used 7873K, capacity 8369K, committed 8448K, reserved 1048576K
Event: 83.580 GC heap after
Heap after GC invocations=14 (full 2):
 PSYoungGen      total 227328K, used 8286K [0x00000000eb380000, 0x00000000fa700000, 0x0000000100000000)
  eden space 218624K, 0% used [0x00000000eb380000,0x00000000eb380000,0x00000000f8900000)
  from space 8704K, 95% used [0x00000000f9e80000,0x00000000fa6979f0,0x00000000fa700000)
  to   space 14848K, 0% used [0x00000000f8a00000,0x00000000f8a00000,0x00000000f9880000)
 ParOldGen       total 44544K, used 29099K [0x00000000c1a00000, 0x00000000c4580000, 0x00000000eb380000)
  object space 44544K, 65% used [0x00000000c1a00000,0x00000000c366ad90,0x00000000c4580000)
 Metaspace       used 56119K, capacity 59028K, committed 59136K, reserved 1099776K
  class space    used 7873K, capacity 8369K, committed 8448K, reserved 1048576K
}
Event: 83.581 GC heap before
{Heap before GC invocations=15 (full 3):
 PSYoungGen      total 227328K, used 8286K [0x00000000eb380000, 0x00000000fa700000, 0x0000000100000000)
  eden space 218624K, 0% used [0x00000000eb380000,0x00000000eb380000,0x00000000f8900000)
  from space 8704K, 95% used [0x00000000f9e80000,0x00000000fa6979f0,0x00000000fa700000)
  to   space 14848K, 0% used [0x00000000f8a00000,0x00000000f8a00000,0x00000000f9880000)
 ParOldGen       total 44544K, used 29099K [0x00000000c1a00000, 0x00000000c4580000, 0x00000000eb380000)
  object space 44544K, 65% used [0x00000000c1a00000,0x00000000c366ad90,0x00000000c4580000)
 Metaspace       used 56119K, capacity 59028K, committed 59136K, reserved 1099776K
  class space    used 7873K, capacity 8369K, committed 8448K, reserved 1048576K
Event: 83.927 GC heap after
Heap after GC invocations=15 (full 3):
 PSYoungGen      total 227328K, used 0K [0x00000000eb380000, 0x00000000fa700000, 0x0000000100000000)
  eden space 218624K, 0% used [0x00000000eb380000,0x00000000eb380000,0x00000000f8900000)
  from space 8704K, 0% used [0x00000000f9e80000,0x00000000f9e80000,0x00000000fa700000)
  to   space 14848K, 0% used [0x00000000f8a00000,0x00000000f8a00000,0x00000000f9880000)
 ParOldGen       total 67584K, used 24562K [0x00000000c1a00000, 0x00000000c5c00000, 0x00000000eb380000)
  object space 67584K, 36% used [0x00000000c1a00000,0x00000000c31fca20,0x00000000c5c00000)
 Metaspace       used 56119K, capacity 59028K, committed 59136K, reserved 1099776K
  class space    used 7873K, capacity 8369K, committed 8448K, reserved 1048576K
}

