# JRE version: Java(TM) SE Runtime Environment (8.0_221-b11) (build 1.8.0_221-b11)
# Java VM: Java HotSpot(TM) 64-Bit Server VM (25.221-b11 mixed mode windows-amd64 compressed oops)
Heap:
 PSYoungGen      total 236544K, used 125675K [0x00000000eb380000, 0x00000000fb000000, 0x0000000100000000)
  eden space 228352K, 55% used [0x00000000eb380000,0x00000000f2e3ada8,0x00000000f9280000)
  from space 8192K, 0% used [0x00000000fa800000,0x00000000fa800000,0x00000000fb000000)
  to   space 14848K, 0% used [0x00000000f9300000,0x00000000f9300000,0x00000000fa180000)
 ParOldGen       total 64000K, used 24393K [0x00000000c1a00000, 0x00000000c5880000, 0x00000000eb380000)
  object space 64000K, 38% used [0x00000000c1a00000,0x00000000c31d25d0,0x00000000c5880000)
 Metaspace       used 56245K, capacity 59244K, committed 59392K, reserved 1099776K
  class space    used 7903K, capacity 8423K, committed 8448K, reserved 1048576K
GC Heap History (10 events):
Event: 8.323 GC heap before
{Heap before GC invocations=11 (full 1):
 PSYoungGen      total 136192K, used 20970K [0x00000000eb380000, 0x00000000f6b80000, 0x0000000100000000)
  eden space 128512K, 10% used [0x00000000eb380000,0x00000000ec07b290,0x00000000f3100000)
  from space 7680K, 99% used [0x00000000f3100000,0x00000000f387f8c0,0x00000000f3880000)
  to   space 10752K, 0% used [0x00000000f6100000,0x00000000f6100000,0x00000000f6b80000)
 ParOldGen       total 28672K, used 10602K [0x00000000c1a00000, 0x00000000c3600000, 0x00000000eb380000)
  object space 28672K, 36% used [0x00000000c1a00000,0x00000000c245abb8,0x00000000c3600000)
 Metaspace       used 33656K, capacity 35378K, committed 35496K, reserved 1079296K
  class space    used 4735K, capacity 5090K, committed 5120K, reserved 1048576K
Event: 8.336 GC heap after
Heap after GC invocations=11 (full 1):
 PSYoungGen      total 178176K, used 5638K [0x00000000eb380000, 0x00000000f7b00000, 0x0000000100000000)
  eden space 167424K, 0% used [0x00000000eb380000,0x00000000eb380000,0x00000000f5700000)
  from space 10752K, 52% used [0x00000000f6100000,0x00000000f6681aa0,0x00000000f6b80000)
  to   space 10240K, 0% used [0x00000000f5700000,0x00000000f5700000,0x00000000f6100000)
 ParOldGen       total 28672K, used 12854K [0x00000000c1a00000, 0x00000000c3600000, 0x00000000eb380000)
  object space 28672K, 44% used [0x00000000c1a00000,0x00000000c268dbd8,0x00000000c3600000)
 Metaspace       used 33656K, capacity 35378K, committed 35496K, reserved 1079296K
  class space    used 4735K, capacity 5090K, committed 5120K, reserved 1048576K
}
Event: 8.336 GC heap before
{Heap before GC invocations=12 (full 2):
 PSYoungGen      total 178176K, used 5638K [0x00000000eb380000, 0x00000000f7b00000, 0x0000000100000000)
  eden space 167424K, 0% used [0x00000000eb380000,0x00000000eb380000,0x00000000f5700000)
  from space 10752K, 52% used [0x00000000f6100000,0x00000000f6681aa0,0x00000000f6b80000)
  to   space 10240K, 0% used [0x00000000f5700000,0x00000000f5700000,0x00000000f6100000)
 ParOldGen       total 28672K, used 12854K [0x00000000c1a00000, 0x00000000c3600000, 0x00000000eb380000)
  object space 28672K, 44% used [0x00000000c1a00000,0x00000000c268dbd8,0x00000000c3600000)
 Metaspace       used 33656K, capacity 35378K, committed 35496K, reserved 1079296K
  class space    used 4735K, capacity 5090K, committed 5120K, reserved 1048576K
Event: 8.426 GC heap after
Heap after GC invocations=12 (full 2):
 PSYoungGen      total 178176K, used 0K [0x00000000eb380000, 0x00000000f7b00000, 0x0000000100000000)
  eden space 167424K, 0% used [0x00000000eb380000,0x00000000eb380000,0x00000000f5700000)
  from space 10752K, 0% used [0x00000000f6100000,0x00000000f6100000,0x00000000f6b80000)
  to   space 10240K, 0% used [0x00000000f5700000,0x00000000f5700000,0x00000000f6100000)
 ParOldGen       total 42496K, used 12741K [0x00000000c1a00000, 0x00000000c4380000, 0x00000000eb380000)
  object space 42496K, 29% used [0x00000000c1a00000,0x00000000c2671700,0x00000000c4380000)
 Metaspace       used 33656K, capacity 35378K, committed 35496K, reserved 1079296K
  class space    used 4735K, capacity 5090K, committed 5120K, reserved 1048576K
}
Event: 16.220 GC heap before
{Heap before GC invocations=13 (full 2):
 PSYoungGen      total 178176K, used 167424K [0x00000000eb380000, 0x00000000f7b00000, 0x0000000100000000)
  eden space 167424K, 100% used [0x00000000eb380000,0x00000000f5700000,0x00000000f5700000)
  from space 10752K, 0% used [0x00000000f6100000,0x00000000f6100000,0x00000000f6b80000)
  to   space 10240K, 0% used [0x00000000f5700000,0x00000000f5700000,0x00000000f6100000)
 ParOldGen       total 42496K, used 12741K [0x00000000c1a00000, 0x00000000c4380000, 0x00000000eb380000)
  object space 42496K, 29% used [0x00000000c1a00000,0x00000000c2671700,0x00000000c4380000)
 Metaspace       used 49603K, capacity 52082K, committed 52352K, reserved 1093632K
  class space    used 7016K, capacity 7466K, committed 7552K, reserved 1048576K
Event: 16.261 GC heap after
Heap after GC invocations=13 (full 2):
 PSYoungGen      total 177664K, used 10210K [0x00000000eb380000, 0x00000000fb700000, 0x0000000100000000)
  eden space 167424K, 0% used [0x00000000eb380000,0x00000000eb380000,0x00000000f5700000)
  from space 10240K, 99% used [0x00000000f5700000,0x00000000f60f8b98,0x00000000f6100000)
  to   space 15360K, 0% used [0x00000000fa800000,0x00000000fa800000,0x00000000fb700000)
 ParOldGen       total 42496K, used 22633K [0x00000000c1a00000, 0x00000000c4380000, 0x00000000eb380000)
  object space 42496K, 53% used [0x00000000c1a00000,0x00000000c301a780,0x00000000c4380000)
 Metaspace       used 49603K, capacity 52082K, committed 52352K, reserved 1093632K
  class space    used 7016K, capacity 7466K, committed 7552K, reserved 1048576K
}
Event: 50.053 GC heap before
{Heap before GC invocations=14 (full 2):
 PSYoungGen      total 177664K, used 85443K [0x00000000eb380000, 0x00000000fb700000, 0x0000000100000000)
  eden space 167424K, 44% used [0x00000000eb380000,0x00000000efcf8238,0x00000000f5700000)
  from space 10240K, 99% used [0x00000000f5700000,0x00000000f60f8b98,0x00000000f6100000)
  to   space 15360K, 0% used [0x00000000fa800000,0x00000000fa800000,0x00000000fb700000)
 ParOldGen       total 42496K, used 22633K [0x00000000c1a00000, 0x00000000c4380000, 0x00000000eb380000)
  object space 42496K, 53% used [0x00000000c1a00000,0x00000000c301a780,0x00000000c4380000)
 Metaspace       used 56121K, capacity 59020K, committed 59136K, reserved 1099776K
  class space    used 7870K, capacity 8369K, committed 8448K, reserved 1048576K
Event: 50.082 GC heap after
Heap after GC invocations=14 (full 2):
 PSYoungGen      total 236544K, used 8058K [0x00000000eb380000, 0x00000000fb000000, 0x0000000100000000)
  eden space 228352K, 0% used [0x00000000eb380000,0x00000000eb380000,0x00000000f9280000)
  from space 8192K, 98% used [0x00000000fa800000,0x00000000fafdead8,0x00000000fb000000)
  to   space 14848K, 0% used [0x00000000f9300000,0x00000000f9300000,0x00000000fa180000)
 ParOldGen       total 42496K, used 29660K [0x00000000c1a00000, 0x00000000c4380000, 0x00000000eb380000)
  object space 42496K, 69% used [0x00000000c1a00000,0x00000000c36f7170,0x00000000c4380000)
 Metaspace       used 56121K, capacity 59020K, committed 59136K, reserved 1099776K
  class space    used 7870K, capacity 8369K, committed 8448K, reserved 1048576K
}
Event: 50.082 GC heap before
{Heap before GC invocations=15 (full 3):
 PSYoungGen      total 236544K, used 8058K [0x00000000eb380000, 0x00000000fb000000, 0x0000000100000000)
  eden space 228352K, 0% used [0x00000000eb380000,0x00000000eb380000,0x00000000f9280000)
  from space 8192K, 98% used [0x00000000fa800000,0x00000000fafdead8,0x00000000fb000000)
  to   space 14848K, 0% used [0x00000000f9300000,0x00000000f9300000,0x00000000fa180000)
 ParOldGen       total 42496K, used 29660K [0x00000000c1a00000, 0x00000000c4380000, 0x00000000eb380000)
  object space 42496K, 69% used [0x00000000c1a00000,0x00000000c36f7170,0x00000000c4380000)
 Metaspace       used 56121K, capacity 59020K, committed 59136K, reserved 1099776K
  class space    used 7870K, capacity 8369K, committed 8448K, reserved 1048576K
Event: 50.385 GC heap after
Heap after GC invocations=15 (full 3):
 PSYoungGen      total 236544K, used 0K [0x00000000eb380000, 0x00000000fb000000, 0x0000000100000000)
  eden space 228352K, 0% used [0x00000000eb380000,0x00000000eb380000,0x00000000f9280000)
  from space 8192K, 0% used [0x00000000fa800000,0x00000000fa800000,0x00000000fb000000)
  to   space 14848K, 0% used [0x00000000f9300000,0x00000000f9300000,0x00000000fa180000)
 ParOldGen       total 64000K, used 24393K [0x00000000c1a00000, 0x00000000c5880000, 0x00000000eb380000)
  object space 64000K, 38% used [0x00000000c1a00000,0x00000000c31d25d0,0x00000000c5880000)
 Metaspace       used 56121K, capacity 59020K, committed 59136K, reserved 1099776K
  class space    used 7870K, capacity 8369K, committed 8448K, reserved 1048576K
}

